{"content": {"suites": {"0": {"status": {"total_pass": 0, "total_skip": 0, "total_xpass": 0, "total_xfail": 0, "total_rerun": 0, "total_fail": 2, "total_error": 0}, "tests": {"0": {"status": "FAIL", "message": "   AssertionError\n", "test_name": "test_opencontactForm", "rerun": "0"}, "1": {"status": "FAIL", "message": "   selenium.common.exceptions.TimeoutException: Message: \n   Stacktrace:\n   NoSuchElementError: An element could not be located on the page using the given search parameters.\n       at AndroidUiautomator2Driver.findElOrEls (C:\\Program Files\\Appium Server GUI\\resources\\app\\node_modules\\appium\\node_modules\\appium-android-driver\\lib\\commands\\find.js:75:11)\n       at runMicrotasks (<anonymous>)\n       at processTicksAndRejections (internal/process/task_queues.js:85:5)\n       AssertionError\n       AssertionError\n", "test_name": "test_enterDataInForm", "rerun": "0"}}, "suite_name": "ContectFormTest.py"}}}, "date": "June 28, 2022", "start_time": 1656420342.5160763, "total_suite": 1, "status": "FAIL", "status_list": {"pass": "0", "fail": "2", "skip": "0", "error": "0", "xpass": "0", "xfail": "0", "rerun": "0"}, "total_tests": "2"}