{"content": {"suites": {"0": {"status": {"total_pass": 1, "total_skip": 0, "total_xpass": 0, "total_xfail": 0, "total_rerun": 0, "total_fail": 1, "total_error": 0}, "tests": {"0": {"status": "PASS", "message": "", "test_name": "test_opencontactForm", "rerun": "0"}, "1": {"status": "FAIL", "message": "       KeyboardInterrupt\n   selenium.common.exceptions.InvalidSessionIdException: Message: A session is either terminated or not started\n   Stacktrace:\n   NoSuchDriverError: A session is either terminated or not started\n       at asyncHandler (C:\\Users\\150182\\AppData\\Roaming\\npm\\node_modules\\appium\\node_modules\\appium-base-driver\\lib\\protocol\\protocol.js:243:15)\n       at C:\\Users\\150182\\AppData\\Roaming\\npm\\node_modules\\appium\\node_modules\\appium-base-driver\\lib\\protocol\\protocol.js:423:15\n       at Layer.handle [as handle_request] (C:\\Users\\150182\\AppData\\Roaming\\npm\\node_modules\\appium\\node_modules\\express\\lib\\router\\layer.js:95:5)\n       at next (C:\\Users\\150182\\AppData\\Roaming\\npm\\node_modules\\appium\\node_modules\\express\\lib\\router\\route.js:137:13)\n       at Route.dispatch (C:\\Users\\150182\\AppData\\Roaming\\npm\\node_modules\\appium\\node_modules\\express\\lib\\router\\route.js:112:3)\n       at Layer.handle [as handle_request] (C:\\Users\\150182\\AppData\\Roaming\\npm\\node_modules\\appium\\node_modules\\express\\lib\\router\\layer.js:95:5)\n       at C:\\Users\\150182\\AppData\\Roaming\\npm\\node_modules\\appium\\node_modules\\express\\lib\\router\\index.js:281:22\n       at param (C:\\Users\\150182\\AppData\\Roaming\\npm\\node_modules\\appium\\node_modules\\express\\lib\\router\\index.js:354:14)\n       at param (C:\\Users\\150182\\AppData\\Roaming\\npm\\node_modules\\appium\\node_modules\\express\\lib\\router\\index.js:365:14)\n       at Function.process_params (C:\\Users\\150182\\AppData\\Roaming\\npm\\node_modules\\appium\\node_modules\\express\\lib\\router\\index.js:410:3)\n       at next (C:\\Users\\150182\\AppData\\Roaming\\npm\\node_modules\\appium\\node_modules\\express\\lib\\router\\index.js:275:10)\n       at logger (C:\\Users\\150182\\AppData\\Roaming\\npm\\node_modules\\appium\\node_modules\\morgan\\index.js:144:5)\n       at Layer.handle [as handle_request] (C:\\Users\\150182\\AppData\\Roaming\\npm\\node_modules\\appium\\node_modules\\express\\lib\\router\\layer.js:95:5)\n       at trim_prefix (C:\\Users\\150182\\AppData\\Roaming\\npm\\node_modules\\appium\\node_modules\\express\\lib\\router\\index.js:317:13)\n       at C:\\Users\\150182\\AppData\\Roaming\\npm\\node_modules\\appium\\node_modules\\express\\lib\\router\\index.js:284:7\n       at Function.process_params (C:\\Users\\150182\\AppData\\Roaming\\npm\\node_modules\\appium\\node_modules\\express\\lib\\router\\index.js:335:12)\n   selenium.common.exceptions.InvalidSessionIdException: Message: A session is either terminated or not started\n   Stacktrace:\n   NoSuchDriverError: A session is either terminated or not started\n       at asyncHandler (C:\\Users\\150182\\AppData\\Roaming\\npm\\node_modules\\appium\\node_modules\\appium-base-driver\\lib\\protocol\\protocol.js:243:15)\n       at C:\\Users\\150182\\AppData\\Roaming\\npm\\node_modules\\appium\\node_modules\\appium-base-driver\\lib\\protocol\\protocol.js:423:15\n       at Layer.handle [as handle_request] (C:\\Users\\150182\\AppData\\Roaming\\npm\\node_modules\\appium\\node_modules\\express\\lib\\router\\layer.js:95:5)\n       at next (C:\\Users\\150182\\AppData\\Roaming\\npm\\node_modules\\appium\\node_modules\\express\\lib\\router\\route.js:137:13)\n       at Route.dispatch (C:\\Users\\150182\\AppData\\Roaming\\npm\\node_modules\\appium\\node_modules\\express\\lib\\router\\route.js:112:3)\n       at Layer.handle [as handle_request] (C:\\Users\\150182\\AppData\\Roaming\\npm\\node_modules\\appium\\node_modules\\express\\lib\\router\\layer.js:95:5)\n       at C:\\Users\\150182\\AppData\\Roaming\\npm\\node_modules\\appium\\node_modules\\express\\lib\\router\\index.js:281:22\n       at param (C:\\Users\\150182\\AppData\\Roaming\\npm\\node_modules\\appium\\node_modules\\express\\lib\\router\\index.js:354:14)\n       at param (C:\\Users\\150182\\AppData\\Roaming\\npm\\node_modules\\appium\\node_modules\\express\\lib\\router\\index.js:365:14)\n       at Function.process_params (C:\\Users\\150182\\AppData\\Roaming\\npm\\node_modules\\appium\\node_modules\\express\\lib\\router\\index.js:410:3)\n       at next (C:\\Users\\150182\\AppData\\Roaming\\npm\\node_modules\\appium\\node_modules\\express\\lib\\router\\index.js:275:10)\n       at logger (C:\\Users\\150182\\AppData\\Roaming\\npm\\node_modules\\appium\\node_modules\\morgan\\index.js:144:5)\n       at Layer.handle [as handle_request] (C:\\Users\\150182\\AppData\\Roaming\\npm\\node_modules\\appium\\node_modules\\express\\lib\\router\\layer.js:95:5)\n       at trim_prefix (C:\\Users\\150182\\AppData\\Roaming\\npm\\node_modules\\appium\\node_modules\\express\\lib\\router\\index.js:317:13)\n       at C:\\Users\\150182\\AppData\\Roaming\\npm\\node_modules\\appium\\node_modules\\express\\lib\\router\\index.js:284:7\n       at Function.process_params (C:\\Users\\150182\\AppData\\Roaming\\npm\\node_modules\\appium\\node_modules\\express\\lib\\router\\index.js:335:12)\n", "test_name": "test_enterDataInForm", "rerun": "0"}}, "suite_name": "ContectFormTest.py"}}}, "date": "June 29, 2022", "start_time": 1656476886.527184, "total_suite": 1, "status": "FAIL", "status_list": {"pass": "1", "fail": "1", "skip": "0", "error": "0", "xpass": "0", "xfail": "0", "rerun": "0"}, "total_tests": "2"}