{"name": "test_enterDataInEditBox", "status": "failed", "statusDetails": {"message": "AssertionError", "trace": "self = <apptest.PageObject.LoginPage.LoginPageTest object at 0x0000017F375F53D0>, locatorValue = 'com.code2lead.kwad:id/Btn_admin_sub', locatorType = 'id'\n\n    def getElement(self, locatorValue, locatorType):\n        element = None\n        try:\n            locatorType = locatorType.lower()\n>           element = self.waitForElement(locatorValue, locatorType)\n\n..\\..\\harness\\Base\\BasePage.py:81: \n_ _ _ _ _ _ _ _ _ _ _ _ _ _ _ _ _ _ _ _ _ _ _ _ _ _ _ _ _ _ _ _ _ _ _ _ _ _ _ _ _ _ _ _ _ _ _ _ _ _ _ _ _ _ _ _ _ _ _ _ _ _ _ _ _ _ _ _ _ _ _ _ _ _ _ _ _ \n\nself = <apptest.PageObject.LoginPage.LoginPageTest object at 0x0000017F375F53D0>, locatorvalue = 'com.code2lead.kwad:id/Btn_admin_sub', locatorType = 'id'\n\n    def waitForElement(self, locatorvalue, locatorType):\n        locatorType = locatorType.lower()\n        element = None\n    \n        wait = WebDriverWait(self.driver, 10, poll_frequency=1,\n                             ignored_exceptions=[ElementNotVisibleException, ElementNotSelectableException,\n                                                 NoSuchElementException])\n    \n        list1 = [\"id\", \"xpath\", \"CLASS_NAME\"]\n        if locatorType in list1:\n>           element = wait.until(lambda x: x.find_element(appium_element_locator_dict[locatorType], locatorvalue))\n\n..\\..\\harness\\Base\\BasePage.py:32: \n_ _ _ _ _ _ _ _ _ _ _ _ _ _ _ _ _ _ _ _ _ _ _ _ _ _ _ _ _ _ _ _ _ _ _ _ _ _ _ _ _ _ _ _ _ _ _ _ _ _ _ _ _ _ _ _ _ _ _ _ _ _ _ _ _ _ _ _ _ _ _ _ _ _ _ _ _ \n\nself = <selenium.webdriver.support.wait.WebDriverWait (session=\"4ce9460d-fcbf-4c1c-97c3-876ea3017c38\")>\nmethod = <function BasePage.waitForElement.<locals>.<lambda> at 0x0000017F2823E5E0>, message = ''\n\n    def until(self, method, message: str = \"\"):\n        \"\"\"Calls the method provided with the driver as an argument until the \\\n        return value does not evaluate to ``False``.\n    \n        :param method: callable(WebDriver)\n        :param message: optional message for :exc:`TimeoutException`\n        :returns: the result of the last call to `method`\n        :raises: :exc:`selenium.common.exceptions.TimeoutException` if timeout occurs\n        \"\"\"\n        screen = None\n        stacktrace = None\n    \n        end_time = time.monotonic() + self._timeout\n        while True:\n            try:\n                value = method(self._driver)\n                if value:\n                    return value\n            except self._ignored_exceptions as exc:\n                screen = getattr(exc, 'screen', None)\n                stacktrace = getattr(exc, 'stacktrace', None)\n            time.sleep(self._poll)\n            if time.monotonic() > end_time:\n                break\n>       raise TimeoutException(message, screen, stacktrace)\nE       selenium.common.exceptions.TimeoutException: Message: \nE       Stacktrace:\nE       NoSuchElementError: An element could not be located on the page using the given search parameters.\nE           at AndroidUiautomator2Driver.findElOrEls (C:\\Program Files\\Appium Server GUI\\resources\\app\\node_modules\\appium\\node_modules\\appium-android-driver\\lib\\commands\\find.js:75:11)\nE           at runMicrotasks (<anonymous>)\nE           at processTicksAndRejections (internal/process/task_queues.js:97:5)\nE           at AndroidUiautomator2Driver.findElOrElsWithProcessing (C:\\Program Files\\Appium Server GUI\\resources\\app\\node_modules\\appium\\node_modules\\appium-base-driver\\lib\\basedriver\\commands\\find.js:33:12)\nE           at AndroidUiautomator2Driver.findElement (C:\\Program Files\\Appium Server GUI\\resources\\app\\node_modules\\appium\\node_modules\\appium-base-driver\\lib\\basedriver\\commands\\find.js:53:10)\n\nC:\\Users\\150179\\AppData\\Roaming\\Python\\Python39\\site-packages\\selenium\\webdriver\\support\\wait.py:90: TimeoutException\n\nDuring handling of the above exception, another exception occurred:\n\nself = <apptest.PageObject.LoginPage.LoginPageTest object at 0x0000017F375F53D0>, locatorValue = 'com.code2lead.kwad:id/Btn_admin_sub', locatorType = 'id'\n\n    def clickElement(self, locatorValue, locatorType):\n        element = None\n        try:\n            locatorType = locatorType.lower()\n>           element = self.getElement(locatorValue, locatorType)\n\n..\\..\\harness\\Base\\BasePage.py:94: \n_ _ _ _ _ _ _ _ _ _ _ _ _ _ _ _ _ _ _ _ _ _ _ _ _ _ _ _ _ _ _ _ _ _ _ _ _ _ _ _ _ _ _ _ _ _ _ _ _ _ _ _ _ _ _ _ _ _ _ _ _ _ _ _ _ _ _ _ _ _ _ _ _ _ _ _ _ \n\nself = <apptest.PageObject.LoginPage.LoginPageTest object at 0x0000017F375F53D0>, locatorValue = 'com.code2lead.kwad:id/Btn_admin_sub', locatorType = 'id'\n\n    def getElement(self, locatorValue, locatorType):\n        element = None\n        try:\n            locatorType = locatorType.lower()\n            element = self.waitForElement(locatorValue, locatorType)\n            self.log.info(\"Element found with LocatorType: \" + locatorType + \" with the locatorValue :\" + locatorValue)\n        except:\n            self.log.info(\n                \"Element not found with LocatorType: \" + locatorType + \" and with the locatorValue :\" + locatorValue)\n            self.takeScreenshot(locatorType)\n>           assert False\nE           AssertionError\n\n..\\..\\harness\\Base\\BasePage.py:87: AssertionError\n\nDuring handling of the above exception, another exception occurred:\n\nself = <apptest.TestCases.LoginTest.LoginTest testMethod=test_enterDataInEditBox>\n\n    @pytest.mark.run(order=5)\n    def test_enterDataInEditBox(self):\n        self.gt.enterText()\n>       self.gt.clickOnSubmit()\n\nLoginTest.py:19: \n_ _ _ _ _ _ _ _ _ _ _ _ _ _ _ _ _ _ _ _ _ _ _ _ _ _ _ _ _ _ _ _ _ _ _ _ _ _ _ _ _ _ _ _ _ _ _ _ _ _ _ _ _ _ _ _ _ _ _ _ _ _ _ _ _ _ _ _ _ _ _ _ _ _ _ _ _ \n..\\PageObject\\LoginPage.py:59: in clickOnSubmit\n    self.clickElement(self._submitButton,\"id\")\n_ _ _ _ _ _ _ _ _ _ _ _ _ _ _ _ _ _ _ _ _ _ _ _ _ _ _ _ _ _ _ _ _ _ _ _ _ _ _ _ _ _ _ _ _ _ _ _ _ _ _ _ _ _ _ _ _ _ _ _ _ _ _ _ _ _ _ _ _ _ _ _ _ _ _ _ _ \n\nself = <apptest.PageObject.LoginPage.LoginPageTest object at 0x0000017F375F53D0>, locatorValue = 'com.code2lead.kwad:id/Btn_admin_sub', locatorType = 'id'\n\n    def clickElement(self, locatorValue, locatorType):\n        element = None\n        try:\n            locatorType = locatorType.lower()\n            element = self.getElement(locatorValue, locatorType)\n            element.click()\n            self.log.info(\n                \"Clicked on Element with LocatorType: \" + locatorType + \" and with the locatorValue :\" + locatorValue)\n        except:\n            self.log.info(\n                \"Unable to click on Element with LocatorType: \" + locatorType + \" and with the locatorValue :\" + locatorValue)\n            self.takeScreenshot(locatorType)\n>           assert False\nE           AssertionError\n\n..\\..\\harness\\Base\\BasePage.py:102: AssertionError"}, "steps": [{"name": "Entered Text", "status": "passed", "start": 1657885271110, "stop": 1657885271110}], "attachments": [{"name": "id", "source": "fffa3ba1-39ac-46b7-b7bc-fa57babaa9ae-attachment.png", "type": "image/png"}, {"name": "id", "source": "ae7297c3-fc4e-4c64-81a6-f6992a2dc34d-attachment.png", "type": "image/png"}, {"name": "id", "source": "80e5fdf3-6bd2-499c-a327-652676527ffc-attachment.png", "type": "image/png"}, {"name": "id", "source": "8dd328fd-3736-4da5-ae5c-6aea8fcf54f5-attachment.png", "type": "image/png"}, {"name": "log", "source": "50d8b65e-058a-4d47-b152-a1ccdfefd691-attachment.txt", "type": "text/plain"}, {"name": "stdout", "source": "69c70ace-96be-4990-a019-cf2ef2fd3d6d-attachment.txt", "type": "text/plain"}], "start": 1657885260059, "stop": 1657885282313, "uuid": "7145614a-8d16-4484-9488-3e1583754735", "historyId": "13173bcabe244254df6f4e9268f1e5dd", "testCaseId": "00dc697b5f9c804982f80054c84cd52c", "fullName": "apptest.TestCases.LoginTest.LoginTest#test_enterDataInEditBox", "labels": [{"name": "tag", "value": "run(order=5)"}, {"name": "tag", "value": "@pytest.mark.usefixtures('beforeClass', 'beforeMethod')"}, {"name": "parentSuite", "value": "apptest.TestCases"}, {"name": "suite", "value": "LoginTest"}, {"name": "subSuite", "value": "LoginTest"}, {"name": "host", "value": "67339K3"}, {"name": "thread", "value": "2372-MainThread"}, {"name": "framework", "value": "pytest"}, {"name": "language", "value": "cpython3"}, {"name": "package", "value": "apptest.TestCases.LoginTest"}]}